2021.01.06 17:54:25 INFO  Started: Metals version 0.9.8 in workspace '/home/cjsosh/revproject0' for client vscode.
2021.01.06 17:54:25 INFO  time: initialize in 0.29s
2021.01.06 17:54:26 WARN  Build server is not auto-connectable.
2021.01.06 17:54:29 INFO  running '/usr/lib/jvm/java-8-openjdk-amd64/bin/java -Djline.terminal=jline.UnsupportedTerminal -Dsbt.log.noformat=true -Dfile.encoding=UTF-8 -jar /tmp/metals5361613354604137130/sbt-launch.jar -Dbloop.export-jar-classifiers=sources bloopInstall'
2021.01.06 17:54:29 WARN  no build target for: /home/cjsosh/revproject0/project/metals.sbt
2021.01.06 17:54:29 WARN  no build target for: /home/cjsosh/revproject0/project/project/metals.sbt
2021.01.06 17:54:29 INFO  skipping build import with status 'Started'
2021.01.06 17:54:30 INFO  [info] welcome to sbt 1.4.4 (Private Build Java 1.8.0_275)
2021.01.06 17:54:32 INFO  [info] loading settings for project revproject0-build-build from metals.sbt ...
2021.01.06 17:54:32 INFO  [info] loading project definition from /home/cjsosh/revproject0/project/project
2021.01.06 17:54:34 INFO  [info] loading settings for project revproject0-build from metals.sbt ...
2021.01.06 17:54:34 INFO  [info] loading project definition from /home/cjsosh/revproject0/project
2021.01.06 17:54:35 INFO  [success] Generated .bloop/revproject0-build.json
2021.01.06 17:54:35 INFO  [info] compiling 1 Scala source to /home/cjsosh/revproject0/project/target/scala-2.12/sbt-1.0/classes ...
2021.01.06 17:54:38 INFO  [info] done compiling
2021.01.06 17:54:38 INFO  [success] Total time: 4 s, completed Jan 6, 2021 5:54:38 PM
2021.01.06 17:54:39 INFO  [info] loading settings for project root from build.sbt ...
2021.01.06 17:54:39 INFO  [info] set current project to RevProject0 (in build file:/home/cjsosh/revproject0/)
2021.01.06 17:54:39 INFO  [success] Generated .bloop/root.json
2021.01.06 17:54:39 INFO  [success] Generated .bloop/root-test.json
2021.01.06 17:54:39 INFO  [success] Total time: 0 s, completed Jan 6, 2021 5:54:40 PM
2021.01.06 17:54:40 INFO  sbt bloopInstall exit: 0
2021.01.06 17:54:40 INFO  time: ran 'sbt bloopInstall' in 11s
2021.01.06 17:54:40 INFO  Attempting to connect to the build server...
Starting the bsp launcher for bloop...
Opening a bsp server connection with 'bsp --protocol local --socket /tmp/bsp-launcher5699408067261078198/bsp.socket'...
Waiting for the bsp connection to come up...
[0m[32m[D][0m Loading 2 projects from '/home/cjsosh/revproject0/.bloop'...
[0m[32m[D][0m Loading project from '/home/cjsosh/revproject0/.bloop/root.json'
[0m[32m[D][0m Loading project from '/home/cjsosh/revproject0/.bloop/root-test.json'
[0m[32m[D][0m Missing analysis file for project 'root'
[0m[32m[D][0m Missing analysis file for project 'root-test'
[0m[32m[D][0m Waiting for a connection at local:///tmp/bsp-launcher5699408067261078198/bsp.socket...
The server is listening for incoming connections at local:///tmp/bsp-launcher5699408067261078198/bsp.socket...
Starting thread that pumps stdin and redirects it to the bsp server...
Starting thread that pumps server stdout and redirects it to the client stdout...
2021.01.06 17:54:40 INFO  tracing is disabled for protocol BSP, to enable tracing of incoming and outgoing JSON messages create an empty file at /home/cjsosh/.cache/metals/bsp.trace.json
2021.01.06 17:54:40 INFO  Attempting to connect to the build server...
Starting the bsp launcher for bloop...
Opening a bsp server connection with 'bsp --protocol local --socket /tmp/bsp-launcher5551966078256643279/bsp.socket'...
Waiting for the bsp connection to come up...
[0m[32m[D][0m Loading workspace settings from bloop.settings.json
[0m[32m[D][0m Waiting for a connection at local:///tmp/bsp-launcher5551966078256643279/bsp.socket...
The server is listening for incoming connections at local:///tmp/bsp-launcher5551966078256643279/bsp.socket...
Starting thread that pumps stdin and redirects it to the bsp server...
Starting thread that pumps server stdout and redirects it to the client stdout...
2021.01.06 17:54:40 INFO  tracing is disabled for protocol BSP, to enable tracing of incoming and outgoing JSON messages create an empty file at /home/cjsosh/.cache/metals/bsp.trace.json
2021.01.06 17:54:40 INFO  time: connected to build server in 0.28s
2021.01.06 17:54:40 INFO  Connected to Build server v1.4.6-15-209c2a5c
2021.01.06 17:54:40 WARN  Could not find java sources in None. Java symbols will not be available.
2021.01.06 17:54:43 INFO  time: indexed workspace in 2.73s
Jan 06, 2021 5:56:09 PM org.eclipse.lsp4j.jsonrpc.services.GenericEndpoint notify
INFO: Unsupported notification method: $/setTraceNotification
2021.01.06 18:00:08 INFO  compiling root (7 scala sources)
2021.01.06 18:00:11 WARN  2 deprecations (since 2.13.0); re-run with -deprecation for details
2021.01.06 18:00:11 INFO  time: compiled root in 3.77s
2021.01.06 18:00:17 INFO  compiling root-test (1 scala source)
2021.01.06 18:00:17 INFO  time: compiled root-test in 86ms
